<?xml version="1.0" encoding="UTF-8"?>
<!-- Generated by org.testng.reporters.JUnitXMLReporter -->
<testsuite ignored="8" hostname="DESKTOP-N61B0N0" failures="0" tests="5" name="Test" time="66.001" errors="0" timestamp="2023-11-29T09:48:44 IST">
  <testcase classname="SCMflex.To_check_add_retailers_page_is_displayedTest" name="To_check_add_retailers_page_is_displayed" time="0.197"/>
  <testcase classname="SCMflex.Scearchorders_WithDifferent_selecting_Optionof_Dropdown_test" name="Scearchorders_WithDifferent_selecting_Optionof_Dropdown_" time="12.166"/>
  <testcase classname="SCMflex.Manufacturer_should_be_able_to_add_products_Test" name="Manufacturer_should_be_able_to_add_products" time="4.937"/>
  <testcase classname="SCMflex.Manufacturer_should_be_able_to_update_stock_and_Admin_can_see_Update_Stock" name="Manufacturer_should_be_able_to_update_stock" time="13.281"/>
  <testcase classname="SCMflex.CreatingAndDeletingRetailer_Test" name="CreatingAndDeletingRetailer_" time="2.398"/>
  <testcase classname="genericUtilities.BaseClass" name="@BeforeSuite config_Bs" time="0.0">
    <ignored/>
  </testcase> <!-- @BeforeSuite config_Bs -->
  <testcase classname="genericUtilities.BaseClass" name="@AfterSuite config_AS" time="0.0">
    <ignored/>
  </testcase> <!-- @AfterSuite config_AS -->
  <testcase classname="genericUtilities.BaseClass" name="@BeforeSuite config_Bs" time="0.0">
    <ignored/>
  </testcase> <!-- @BeforeSuite config_Bs -->
  <testcase classname="genericUtilities.BaseClass" name="@BeforeSuite config_Bs" time="0.0">
    <ignored/>
  </testcase> <!-- @BeforeSuite config_Bs -->
  <testcase classname="genericUtilities.BaseClass" name="@AfterSuite config_AS" time="0.0">
    <ignored/>
  </testcase> <!-- @AfterSuite config_AS -->
  <testcase classname="genericUtilities.BaseClass" name="@AfterSuite config_AS" time="0.0">
    <ignored/>
  </testcase> <!-- @AfterSuite config_AS -->
  <testcase classname="genericUtilities.BaseClass" name="@BeforeSuite config_Bs" time="0.0">
    <ignored/>
  </testcase> <!-- @BeforeSuite config_Bs -->
  <testcase classname="genericUtilities.BaseClass" name="@AfterSuite config_AS" time="0.0">
    <ignored/>
  </testcase> <!-- @AfterSuite config_AS -->
</testsuite> <!-- Test -->
