<?xml version="1.0" encoding="UTF-8"?>
<testng-results ignored="0" total="1" passed="1" failed="0" skipped="0">
  <reporter-output>
  </reporter-output>
  <suite started-at="2023-11-30T13:25:26 IST" name="Default suite" finished-at="2023-11-30T13:25:56 IST" duration-ms="29787">
    <groups>
      <group name="Systemtest">
        <method signature="Scearchorders_WithDifferent_selecting_Optionof_Dropdown_test.Scearchorders_WithDifferent_selecting_Optionof_Dropdown_()[pri:0, instance:SCMflex.Scearchorders_WithDifferent_selecting_Optionof_Dropdown_test@543295b0]" name="Scearchorders_WithDifferent_selecting_Optionof_Dropdown_" class="SCMflex.Scearchorders_WithDifferent_selecting_Optionof_Dropdown_test"/>
      </group> <!-- Systemtest -->
    </groups>
    <test started-at="2023-11-30T13:25:26 IST" name="Default test" finished-at="2023-11-30T13:25:56 IST" duration-ms="29787">
      <class name="SCMflex.Scearchorders_WithDifferent_selecting_Optionof_Dropdown_test">
        <test-method is-config="true" signature="config_Bs()[pri:0, instance:SCMflex.Scearchorders_WithDifferent_selecting_Optionof_Dropdown_test@543295b0]" started-at="2023-11-30T13:25:25 IST" name="config_Bs" finished-at="2023-11-30T13:25:26 IST" duration-ms="465" status="PASS">
          <reporter-output>
          </reporter-output>
        </test-method> <!-- config_Bs -->
        <test-method is-config="true" signature="config_BC()[pri:0, instance:SCMflex.Scearchorders_WithDifferent_selecting_Optionof_Dropdown_test@543295b0]" started-at="2023-11-30T13:25:26 IST" name="config_BC" finished-at="2023-11-30T13:25:33 IST" duration-ms="7120" status="PASS">
          <reporter-output>
          </reporter-output>
        </test-method> <!-- config_BC -->
        <test-method is-config="true" signature="config_BM()[pri:0, instance:SCMflex.Scearchorders_WithDifferent_selecting_Optionof_Dropdown_test@543295b0]" started-at="2023-11-30T13:25:33 IST" name="config_BM" finished-at="2023-11-30T13:25:37 IST" duration-ms="3718" status="PASS">
          <reporter-output>
          </reporter-output>
        </test-method> <!-- config_BM -->
        <test-method signature="Scearchorders_WithDifferent_selecting_Optionof_Dropdown_()[pri:0, instance:SCMflex.Scearchorders_WithDifferent_selecting_Optionof_Dropdown_test@543295b0]" started-at="2023-11-30T13:25:37 IST" name="Scearchorders_WithDifferent_selecting_Optionof_Dropdown_" finished-at="2023-11-30T13:25:55 IST" duration-ms="18437" status="PASS">
          <reporter-output>
          </reporter-output>
        </test-method> <!-- Scearchorders_WithDifferent_selecting_Optionof_Dropdown_ -->
        <test-method is-config="true" signature="config_AM()[pri:0, instance:SCMflex.Scearchorders_WithDifferent_selecting_Optionof_Dropdown_test@543295b0]" started-at="2023-11-30T13:25:55 IST" name="config_AM" finished-at="2023-11-30T13:25:55 IST" duration-ms="125" status="PASS">
          <reporter-output>
          </reporter-output>
        </test-method> <!-- config_AM -->
        <test-method is-config="true" signature="config_AC()[pri:0, instance:SCMflex.Scearchorders_WithDifferent_selecting_Optionof_Dropdown_test@543295b0]" started-at="2023-11-30T13:25:55 IST" name="config_AC" finished-at="2023-11-30T13:25:56 IST" duration-ms="318" status="PASS">
          <reporter-output>
          </reporter-output>
        </test-method> <!-- config_AC -->
        <test-method is-config="true" signature="config_AS()[pri:0, instance:SCMflex.Scearchorders_WithDifferent_selecting_Optionof_Dropdown_test@543295b0]" started-at="2023-11-30T13:25:56 IST" name="config_AS" finished-at="2023-11-30T13:25:56 IST" duration-ms="0" status="PASS">
          <reporter-output>
          </reporter-output>
        </test-method> <!-- config_AS -->
      </class> <!-- SCMflex.Scearchorders_WithDifferent_selecting_Optionof_Dropdown_test -->
    </test> <!-- Default test -->
  </suite> <!-- Default suite -->
</testng-results>
